<?xml version="1.0" encoding="UTF-8"?>
<!-- Generated by org.testng.reporters.JUnitReportReporter -->
<testsuite hostname="LE15-GNK1-IND" failures="0" tests="1" name="TestCases.Loginapplication" time="28.196" errors="0" timestamp="2022-02-12T11:23:43 IST" skipped="0">
  <testcase classname="TestCases.Loginapplication" name="Login" time="28.196"/>
  <system-out/>
</testsuite> <!-- TestCases.Loginapplication -->
